2024-05-09 20:36:47 INFO Timestamp parsing completed.
2024-05-09 20:36:47 INFO Checking if less than 30 days remaining completed.
2024-05-09 20:36:47 INFO Checking if special date completed.
2024-05-09 20:36:47 INFO Checking if product is cheese completed.
2024-05-09 20:36:47 INFO Checking if product is wine completed.
2024-05-09 20:36:47 INFO Checking if quantity is eligible completed.
2024-05-09 20:36:47 INFO Checking if payment method is Visa card completed.
2024-05-09 20:36:47 INFO Checking if channel is application completed.
2024-05-09 20:36:47 INFO Discount calculation completed.
2024-05-09 20:36:48 INFO Transaction processing started.
2024-05-09 20:36:48 INFO Transaction processing completed.
2024-05-09 20:56:02 INFO Transaction processing started.
2024-05-09 20:56:02 INFO Timestamp parsing completed.
2024-05-09 20:56:03 INFO Checking if less than 30 days remaining completed.
2024-05-09 20:56:03 INFO Checking if special date completed.
2024-05-09 20:56:03 INFO Checking if product is cheese completed.
2024-05-09 20:56:03 INFO Checking if product is wine completed.
2024-05-09 20:56:03 INFO Checking if quantity is eligible completed.
2024-05-09 20:56:03 INFO Checking if payment method is Visa card completed.
2024-05-09 20:56:04 INFO Checking if channel is application completed.
2024-05-09 20:56:04 INFO Discount calculation completed.
2024-05-09 20:56:04 INFO Transaction processing completed.
